[    0.000000] Initializing cgroup subsys cpuset
[    0.000000] Initializing cgroup subsys cpu
[    0.000000] Initializing cgroup subsys cpuacct
[    0.000000] Linux version 4.4.0-166-generic (buildd@lcy01-amd64-020) (gcc version 5.4.0 20160609 (Ubuntu 5.4.0-6ubuntu1~16.04.10) ) #195-Ubuntu SMP Tue Oct 1 09:35:25 UTC 2019 (Ubuntu 4.4.0-166.195-generic 4.4.194)
[    0.000000] Command line: BOOT_IMAGE=/boot/vmlinuz-4.4.0-166-generic root=LABEL=cloudimg-rootfs ro console=tty1 console=ttyS0
[    0.000000] KERNEL supported cpus:
[    0.000000]   Intel GenuineIntel
[    0.000000]   AMD AuthenticAMD
[    0.000000]   Centaur CentaurHauls
[    0.000000] x86/fpu: xstate_offset[2]:  576, xstate_sizes[2]:  256
[    0.000000] x86/fpu: Supporting XSAVE feature 0x01: 'x87 floating point registers'
[    0.000000] x86/fpu: Supporting XSAVE feature 0x02: 'SSE registers'
[    0.000000] x86/fpu: Supporting XSAVE feature 0x04: 'AVX registers'
[    0.000000] x86/fpu: Enabled xstate features 0x7, context size is 832 bytes, using 'standard' format.
[    0.000000] e820: BIOS-provided physical RAM map:
[    0.000000] BIOS-e820: [mem 0x0000000000000000-0x000000000009fbff] usable
[    0.000000] BIOS-e820: [mem 0x000000000009fc00-0x000000000009ffff] reserved
[    0.000000] BIOS-e820: [mem 0x00000000000f0000-0x00000000000fffff] reserved
[    0.000000] BIOS-e820: [mem 0x0000000000100000-0x000000007ffeffff] usable
[    0.000000] BIOS-e820: [mem 0x000000007fff0000-0x000000007fffffff] ACPI data
[    0.000000] BIOS-e820: [mem 0x00000000fec00000-0x00000000fec00fff] reserved
[    0.000000] BIOS-e820: [mem 0x00000000fee00000-0x00000000fee00fff] reserved
[    0.000000] BIOS-e820: [mem 0x00000000fffc0000-0x00000000ffffffff] reserved
[    0.000000] NX (Execute Disable) protection: active
[    0.000000] SMBIOS 2.5 present.
[    0.000000] Hypervisor detected: KVM
[    0.000000] e820: last_pfn = 0x7fff0 max_arch_pfn = 0x400000000
[    0.000000] MTRR: Disabled
[    0.000000] x86/PAT: MTRRs disabled, skipping PAT initialization too.
[    0.000000] CPU MTRRs all blank - virtualized system.
[    0.000000] x86/PAT: Configuration [0-7]: WB  WT  UC- UC  WB  WT  UC- UC  
[    0.000000] found SMP MP-table at [mem 0x0009fff0-0x0009ffff] mapped at [ffff88000009fff0]
[    0.000000] Scanning 1 areas for low memory corruption
[    0.000000] RAMDISK: [mem 0x362f6000-0x37172fff]
[    0.000000] ACPI: Early table checksum verification disabled
[    0.000000] ACPI: RSDP 0x00000000000E0000 000024 (v02 VBOX  )
[    0.000000] ACPI: XSDT 0x000000007FFF0030 00003C (v01 VBOX   VBOXXSDT 00000001 ASL  00000061)
[    0.000000] ACPI: FACP 0x000000007FFF00F0 0000F4 (v04 VBOX   VBOXFACP 00000001 ASL  00000061)
[    0.000000] ACPI: DSDT 0x000000007FFF0470 0022EA (v02 VBOX   VBOXBIOS 00000002 INTL 20100528)
[    0.000000] ACPI: FACS 0x000000007FFF0200 000040
[    0.000000] ACPI: FACS 0x000000007FFF0200 000040
[    0.000000] ACPI: APIC 0x000000007FFF0240 00005C (v02 VBOX   VBOXAPIC 00000001 ASL  00000061)
[    0.000000] ACPI: SSDT 0x000000007FFF02A0 0001CC (v01 VBOX   VBOXCPUT 00000002 INTL 20100528)
[    0.000000] No NUMA configuration found
[    0.000000] Faking a node at [mem 0x0000000000000000-0x000000007ffeffff]
[    0.000000] NODE_DATA(0) allocated [mem 0x7ffeb000-0x7ffeffff]
[    0.000000] kvm-clock: Using msrs 4b564d01 and 4b564d00
[    0.000000] kvm-clock: cpu 0, msr 0:7ffe3001, primary cpu clock
[    0.000000] kvm-clock: using sched offset of 3188034233 cycles
[    0.000000] clocksource: kvm-clock: mask: 0xffffffffffffffff max_cycles: 0x1cd42e4dffb, max_idle_ns: 881590591483 ns
[    0.000000] Zone ranges:
[    0.000000]   DMA      [mem 0x0000000000001000-0x0000000000ffffff]
[    0.000000]   DMA32    [mem 0x0000000001000000-0x000000007ffeffff]
[    0.000000]   Normal   empty
[    0.000000]   Device   empty
[    0.000000] Movable zone start for each node
[    0.000000] Early memory node ranges
[    0.000000]   node   0: [mem 0x0000000000001000-0x000000000009efff]
[    0.000000]   node   0: [mem 0x0000000000100000-0x000000007ffeffff]
[    0.000000] Initmem setup node 0 [mem 0x0000000000001000-0x000000007ffeffff]
[    0.000000] ACPI: PM-Timer IO Port: 0x4008
[    0.000000] IOAPIC[0]: apic_id 2, version 32, address 0xfec00000, GSI 0-23
[    0.000000] ACPI: INT_SRC_OVR (bus 0 bus_irq 0 global_irq 2 dfl dfl)
[    0.000000] ACPI: INT_SRC_OVR (bus 0 bus_irq 9 global_irq 9 low level)
[    0.000000] Using ACPI (MADT) for SMP configuration information
[    0.000000] smpboot: Allowing 2 CPUs, 0 hotplug CPUs
[    0.000000] PM: Registered nosave memory: [mem 0x00000000-0x00000fff]
[    0.000000] PM: Registered nosave memory: [mem 0x0009f000-0x0009ffff]
[    0.000000] PM: Registered nosave memory: [mem 0x000a0000-0x000effff]
[    0.000000] PM: Registered nosave memory: [mem 0x000f0000-0x000fffff]
[    0.000000] e820: [mem 0x80000000-0xfebfffff] available for PCI devices
[    0.000000] Booting paravirtualized kernel on KVM
[    0.000000] clocksource: refined-jiffies: mask: 0xffffffff max_cycles: 0xffffffff, max_idle_ns: 7645519600211568 ns
[    0.000000] setup_percpu: NR_CPUS:512 nr_cpumask_bits:512 nr_cpu_ids:2 nr_node_ids:1
[    0.000000] PERCPU: Embedded 34 pages/cpu @ffff88007fc00000 s99544 r8192 d31528 u1048576
[    0.000000] Built 1 zonelists in Node order, mobility grouping on.  Total pages: 515960
[    0.000000] Policy zone: DMA32
[    0.000000] Kernel command line: BOOT_IMAGE=/boot/vmlinuz-4.4.0-166-generic root=LABEL=cloudimg-rootfs ro console=tty1 console=ttyS0
[    0.000000] PID hash table entries: 4096 (order: 3, 32768 bytes)
[    0.000000] Memory: 2029904K/2096696K available (8623K kernel code, 1336K rwdata, 4036K rodata, 1488K init, 1288K bss, 66792K reserved, 0K cma-reserved)
[    0.000000] SLUB: HWalign=64, Order=0-3, MinObjects=0, CPUs=2, Nodes=1
[    0.000000] Kernel/User page tables isolation: enabled
[    0.000000] Hierarchical RCU implementation.
[    0.000000] 	Build-time adjustment of leaf fanout to 64.
[    0.000000] 	RCU restricting CPUs from NR_CPUS=512 to nr_cpu_ids=2.
[    0.000000] RCU: Adjusting geometry for rcu_fanout_leaf=64, nr_cpu_ids=2
[    0.000000] NR_IRQS:33024 nr_irqs:440 16
[    0.000000] Console: colour VGA+ 80x25
[    0.000000] console [tty1] enabled
[    0.000000] console [ttyS0] enabled
[    0.000000] tsc: Detected 1992.001 MHz processor
[    0.175418] Calibrating delay loop (skipped) preset value.. 3984.00 BogoMIPS (lpj=7968004)
[    0.177407] pid_max: default: 32768 minimum: 301
[    0.178466] ACPI: Core revision 20150930
[    0.180761] ACPI: 2 ACPI AML tables successfully acquired and loaded
[    0.182236] Security Framework initialized
[    0.183236] Yama: becoming mindful.
[    0.184097] AppArmor: AppArmor initialized
[    0.186252] Dentry cache hash table entries: 262144 (order: 9, 2097152 bytes)
[    0.187992] Inode-cache hash table entries: 131072 (order: 8, 1048576 bytes)
[    0.190594] Mount-cache hash table entries: 4096 (order: 3, 32768 bytes)
[    0.192006] Mountpoint-cache hash table entries: 4096 (order: 3, 32768 bytes)
[    0.193621] Initializing cgroup subsys io
[    0.194558] Initializing cgroup subsys memory
[    0.195596] Initializing cgroup subsys devices
[    0.196581] Initializing cgroup subsys freezer
[    0.197556] Initializing cgroup subsys net_cls
[    0.198535] Initializing cgroup subsys perf_event
[    0.199790] Initializing cgroup subsys net_prio
[    0.200929] Initializing cgroup subsys hugetlb
[    0.201972] Initializing cgroup subsys pids
[    0.204777] mce: CPU supports 0 MCE banks
[    0.205783] Last level iTLB entries: 4KB 64, 2MB 8, 4MB 8
[    0.206996] Last level dTLB entries: 4KB 64, 2MB 0, 4MB 0, 1GB 4
[    0.208376] Spectre V1 : Mitigation: usercopy/swapgs barriers and __user pointer sanitization
[    0.210263] Spectre V2 : Mitigation: Full generic retpoline
[    0.214807] Spectre V2 : Spectre v2 / SpectreRSB mitigation: Filling RSB on context switch
[    0.216839] Speculative Store Bypass: Vulnerable
[    0.217950] MDS: Vulnerable: Clear CPU buffers attempted, no microcode
[    0.222107] Freeing SMP alternatives memory: 36K
[    0.229086] ftrace: allocating 32296 entries in 127 pages
[    0.287365] smpboot: APIC(0) Converting physical 0 to logical package 0
[    0.288722] smpboot: Max logical packages: 1
[    0.290013] x2apic enabled
[    0.291101] Switched APIC routing to physical x2apic.
[    0.293462] ..TIMER: vector=0x30 apic1=0 pin1=2 apic2=-1 pin2=-1
[    0.402888] smpboot: CPU0: Intel(R) Core(TM) i7-8550U CPU @ 1.80GHz (family: 0x6, model: 0x8e, stepping: 0xa)
[    0.405307] Performance Events: unsupported p6 CPU model 142 no PMU driver, software events only.
[    0.415955] KVM setup paravirtual spinlock
[    0.418864] x86: Booting SMP configuration:
[    0.419851] .... node  #0, CPUs:      #1
[    0.420887] kvm-clock: cpu 1, msr 0:7ffe3041, secondary cpu clock
[    0.423017] mce: CPU supports 0 MCE banks
[    0.425586] x86: Booted up 1 node, 2 CPUs
[    0.426940] smpboot: Total of 2 processors activated (7968.00 BogoMIPS)
[    0.428844] devtmpfs: initialized
[    0.431140] evm: security.selinux
[    0.432074] evm: security.SMACK64
[    0.432988] evm: security.SMACK64EXEC
[    0.433925] evm: security.SMACK64TRANSMUTE
[    0.434913] evm: security.SMACK64MMAP
[    0.435963] evm: security.ima
[    0.436755] evm: security.capability
[    0.438221] clocksource: jiffies: mask: 0xffffffff max_cycles: 0xffffffff, max_idle_ns: 7645041785100000 ns
[    0.440435] futex hash table entries: 512 (order: 3, 32768 bytes)
[    0.449870] pinctrl core: initialized pinctrl subsystem
[    0.451120] RTC time: 10:26:18, date: 11/13/19
[    0.452368] NET: Registered protocol family 16
[    0.464875] cpuidle: using governor ladder
[    0.476064] cpuidle: using governor menu
[    0.477209] PCCT header not found.
[    0.478287] ACPI: bus type PCI registered
[    0.479568] acpiphp: ACPI Hot Plug PCI Controller Driver version: 0.5
[    0.481065] PCI: Using configuration type 1 for base access
[    0.493673] ACPI: Added _OSI(Module Device)
[    0.494713] ACPI: Added _OSI(Processor Device)
[    0.495795] ACPI: Added _OSI(3.0 _SCP Extensions)
[    0.496877] ACPI: Added _OSI(Processor Aggregator Device)
[    0.499076] ACPI: Executed 1 blocks of module-level executable AML code
[    0.502795] ACPI: Interpreter enabled
[    0.503788] ACPI: (supports S0 S5)
[    0.504667] ACPI: Using IOAPIC for interrupt routing
[    0.505956] PCI: Using host bridge windows from ACPI; if necessary, use "pci=nocrs" and report a bug
[    0.511408] ACPI: PCI Root Bridge [PCI0] (domain 0000 [bus 00-ff])
[    0.512721] acpi PNP0A03:00: _OSC: OS supports [ASPM ClockPM Segments MSI]
[    0.514549] acpi PNP0A03:00: _OSC: not requesting OS control; OS requires [ExtendedConfig ASPM ClockPM MSI]
[    0.516985] acpi PNP0A03:00: fail to add MMCONFIG information, can't access extended PCI configuration space under this bridge.
[    0.520179] PCI host bridge to bus 0000:00
[    0.521167] pci_bus 0000:00: root bus resource [io  0x0000-0x0cf7 window]
[    0.522673] pci_bus 0000:00: root bus resource [io  0x0d00-0xffff window]
[    0.524078] pci_bus 0000:00: root bus resource [mem 0x000a0000-0x000bffff window]
[    0.525984] pci_bus 0000:00: root bus resource [mem 0x80000000-0xfdffffff window]
[    0.527869] pci_bus 0000:00: root bus resource [bus 00-ff]
[    0.530795] pci 0000:00:01.1: legacy IDE quirk: reg 0x10: [io  0x01f0-0x01f7]
[    0.532425] pci 0000:00:01.1: legacy IDE quirk: reg 0x14: [io  0x03f6]
[    0.533765] pci 0000:00:01.1: legacy IDE quirk: reg 0x18: [io  0x0170-0x0177]
[    0.535409] pci 0000:00:01.1: legacy IDE quirk: reg 0x1c: [io  0x0376]
[    0.566978] pci 0000:00:07.0: quirk: [io  0x4000-0x403f] claimed by PIIX4 ACPI
[    0.568734] pci 0000:00:07.0: quirk: [io  0x4100-0x410f] claimed by PIIX4 SMB
[    0.582164] ACPI: PCI Interrupt Link [LNKA] (IRQs 5 9 10 *11)
[    0.584331] ACPI: PCI Interrupt Link [LNKB] (IRQs 5 9 *10 11)
[    0.586370] ACPI: PCI Interrupt Link [LNKC] (IRQs 5 *9 10 11)
[    0.588413] ACPI: PCI Interrupt Link [LNKD] (IRQs 5 9 10 *11)
[    0.590418] ACPI: Enabled 2 GPEs in block 00 to 07
[    0.592053] vgaarb: setting as boot device: PCI:0000:00:02.0
[    0.593746] vgaarb: device added: PCI:0000:00:02.0,decodes=io+mem,owns=io+mem,locks=none
[    0.595590] vgaarb: loaded
[    0.596360] vgaarb: bridge control possible 0000:00:02.0
[    0.597792] SCSI subsystem initialized
[    0.599396] ACPI: bus type USB registered
[    0.600383] usbcore: registered new interface driver usbfs
[    0.601697] usbcore: registered new interface driver hub
[    0.602850] usbcore: registered new device driver usb
[    0.604324] PCI: Using ACPI for IRQ routing
[    0.605585] NetLabel: Initializing
[    0.606618] NetLabel:  domain hash size = 128
[    0.607697] NetLabel:  protocols = UNLABELED CIPSOv4
[    0.608854] NetLabel:  unlabeled traffic allowed by default
[    0.610191] amd_nb: Cannot enumerate AMD northbridges
[    0.611511] clocksource: Switched to clocksource kvm-clock
[    0.620417] AppArmor: AppArmor Filesystem Enabled
[    0.621540] pnp: PnP ACPI init
[    0.623070] pnp: PnP ACPI: found 3 devices
[    0.634892] clocksource: acpi_pm: mask: 0xffffff max_cycles: 0xffffff, max_idle_ns: 2085701024 ns
[    0.636913] NET: Registered protocol family 2
[    0.638045] TCP established hash table entries: 16384 (order: 5, 131072 bytes)
[    0.640075] TCP bind hash table entries: 16384 (order: 6, 262144 bytes)
[    0.641587] TCP: Hash tables configured (established 16384 bind 16384)
[    0.642941] UDP hash table entries: 1024 (order: 3, 32768 bytes)
[    0.644262] UDP-Lite hash table entries: 1024 (order: 3, 32768 bytes)
[    0.645633] NET: Registered protocol family 1
[    0.646607] pci 0000:00:00.0: Limiting direct PCI/PCI transfers
[    0.647901] pci 0000:00:01.0: Activating ISA DMA hang workarounds
[    0.649285] Unpacking initramfs...
[    0.826466] Freeing initrd memory: 14836K
[    0.827562] clocksource: tsc: mask: 0xffffffffffffffff max_cycles: 0x396d54029a7, max_idle_ns: 881590429682 ns
[    0.829812] platform rtc_cmos: registered platform RTC device (no PNP device found)
[    0.831724] Scanning for low memory corruption every 60 seconds
[    0.833624] audit: initializing netlink subsys (disabled)
[    0.834723] audit: type=2000 audit(1573640783.721:1): initialized
[    0.836058] Initialise system trusted keyring
[    0.837331] HugeTLB registered 2 MB page size, pre-allocated 0 pages
[    0.839794] zbud: loaded
[    0.840843] VFS: Disk quotas dquot_6.6.0
[    0.841820] VFS: Dquot-cache hash table entries: 512 (order 0, 4096 bytes)
[    0.843397] squashfs: version 4.0 (2009/01/31) Phillip Lougher
[    0.845064] fuse init (API version 7.23)
[    0.846208] Key type big_key registered
[    0.847153] Allocating IMA MOK and blacklist keyrings.
[    0.850945] Key type asymmetric registered
[    0.851951] Asymmetric key parser 'x509' registered
[    0.853097] Block layer SCSI generic (bsg) driver version 0.4 loaded (major 249)
[    0.854888] io scheduler noop registered
[    0.855839] io scheduler deadline registered (default)
[    0.857376] io scheduler cfq registered
[    0.858456] pci_hotplug: PCI Hot Plug PCI Core version: 0.5
[    0.859728] pciehp: PCI Express Hot Plug Controller Driver version: 0.4
[    0.861212] ACPI: AC Adapter [AC] (on-line)
[    0.862235] input: Power Button as /devices/LNXSYSTM:00/LNXPWRBN:00/input/input0
[    0.864040] ACPI: Power Button [PWRF]
[    0.865345] input: Sleep Button as /devices/LNXSYSTM:00/LNXSLPBN:00/input/input1
[    0.867240] ACPI: Sleep Button [SLPF]
[    0.869001] ACPI: Battery Slot [BAT0] (battery present)
[    0.870263] GHES: HEST is not enabled!
[    0.871273] Serial: 8250/16550 driver, 32 ports, IRQ sharing enabled
[    0.893247] 00:02: ttyS0 at I/O 0x3f8 (irq = 4, base_baud = 115200) is a 16550A
[    0.895877] Linux agpgart interface v0.103
[    0.899966] loop: module loaded
[    0.901549] scsi host0: ata_piix
[    0.902608] scsi host1: ata_piix
[    0.903484] ata1: PATA max UDMA/33 cmd 0x1f0 ctl 0x3f6 bmdma 0xd000 irq 14
[    0.905115] ata2: PATA max UDMA/33 cmd 0x170 ctl 0x376 bmdma 0xd008 irq 15
[    0.906634] libphy: Fixed MDIO Bus: probed
[    0.907674] tun: Universal TUN/TAP device driver, 1.6
[    0.908973] tun: (C) 1999-2004 Max Krasnyansky <maxk@qualcomm.com>
[    0.910273] PPP generic driver version 2.4.2
[    0.911285] ehci_hcd: USB 2.0 'Enhanced' Host Controller (EHCI) Driver
[    0.912686] ehci-pci: EHCI PCI platform driver
[    0.914049] ehci-platform: EHCI generic platform driver
[    0.915248] ohci_hcd: USB 1.1 'Open' Host Controller (OHCI) Driver
[    0.916629] ohci-pci: OHCI PCI platform driver
[    0.917747] ohci-platform: OHCI generic platform driver
[    0.918931] uhci_hcd: USB Universal Host Controller Interface driver
[    0.920726] i8042: PNP: PS/2 Controller [PNP0303:PS2K,PNP0f03:PS2M] at 0x60,0x64 irq 1,12
[    0.923188] serio: i8042 KBD port at 0x60,0x64 irq 1
[    0.924477] serio: i8042 AUX port at 0x60,0x64 irq 12
[    0.925815] mousedev: PS/2 mouse device common for all mice
[    0.927362] rtc_cmos rtc_cmos: rtc core: registered rtc_cmos as rtc0
[    0.928897] rtc_cmos rtc_cmos: alarms up to one day, 114 bytes nvram
[    0.930232] i2c /dev entries driver
[    0.931174] device-mapper: uevent: version 1.0.3
[    0.932343] input: AT Translated Set 2 keyboard as /devices/platform/i8042/serio0/input/input2
[    0.934335] device-mapper: ioctl: 4.34.0-ioctl (2015-10-28) initialised: dm-devel@redhat.com
[    0.936809] ledtrig-cpu: registered to indicate activity on CPUs
[    0.938549] NET: Registered protocol family 10
[    0.939935] NET: Registered protocol family 17
[    0.941009] Key type dns_resolver registered
[    0.942523] registered taskstats version 1
[    0.943499] Loading compiled-in X.509 certificates
[    0.945176] Loaded X.509 cert 'Build time autogenerated kernel key: 75bc1b51278a37d3abb49bab6b1b0161a6cc9ec0'
[    0.947342] zswap: loaded using pool lzo/zbud
[    0.950079] Key type trusted registered
[    0.953796] Key type encrypted registered
[    0.955019] AppArmor: AppArmor sha1 policy hashing enabled
[    0.956300] ima: No TPM chip found, activating TPM-bypass!
[    0.957488] ima: Allocated hash algorithm: sha1
[    0.958688] evm: HMAC attrs: 0x1
[    0.960238]   Magic number: 11:441:426
[    0.961430] rtc_cmos rtc_cmos: setting system clock to 2019-11-13 10:26:19 UTC (1573640779)
[    0.963470] BIOS EDD facility v0.16 2004-Jun-25, 0 devices found
[    0.964758] EDD information not available.
[    1.064508] Freeing unused kernel memory: 1488K
[    1.065680] Write protecting the kernel read-only data: 14336k
[    1.067390] Freeing unused kernel memory: 1604K
[    1.068677] Freeing unused kernel memory: 60K
Loading, please wait...
starting version 229
[    1.081569] random: systemd-udevd: uninitialized urandom read (16 bytes read, 3 bits of entropy available)
[    1.081973] random: udevadm: uninitialized urandom read (16 bytes read, 3 bits of entropy available)
[    1.081989] random: udevadm: uninitialized urandom read (16 bytes read, 3 bits of entropy available)
[    1.087964] random: systemd-udevd: uninitialized urandom read (16 bytes read, 3 bits of entropy available)
[    1.089332] random: udevadm: uninitialized urandom read (16 bytes read, 3 bits of entropy available)
[    1.089382] random: udevadm: uninitialized urandom read (16 bytes read, 3 bits of entropy available)
[    1.089510] random: udevadm: uninitialized urandom read (16 bytes read, 3 bits of entropy available)
[    1.089549] random: udevadm: uninitialized urandom read (16 bytes read, 3 bits of entropy available)
[    1.089589] random: udevadm: uninitialized urandom read (16 bytes read, 3 bits of entropy available)
[    1.089628] random: udevadm: uninitialized urandom read (16 bytes read, 3 bits of entropy available)
[    1.131256] e1000: Intel(R) PRO/1000 Network Driver - version 7.3.21-k8-NAPI
[    1.132921] e1000: Copyright (c) 1999-2006 Intel Corporation.
[    1.137243] Fusion MPT base driver 3.04.20
[    1.138269] Copyright (c) 1999-2008 LSI Corporation
[    1.158824] Fusion MPT SPI Host driver 3.04.20
[    1.161568] AVX2 version of gcm_enc/dec engaged.
[    1.162640] AES CTR mode by8 optimization enabled
[    1.367193] input: ImExPS/2 Generic Explorer Mouse as /devices/platform/i8042/serio1/input/input4
[    1.504701] e1000 0000:00:03.0 eth0: (PCI:33MHz:32-bit) 02:95:cf:22:ea:76
[    1.506078] e1000 0000:00:03.0 eth0: Intel(R) PRO/1000 Network Connection
[    1.864929] e1000 0000:00:08.0 eth1: (PCI:33MHz:32-bit) 08:00:27:2e:46:0d
[    1.867428] e1000 0000:00:08.0 eth1: Intel(R) PRO/1000 Network Connection
[    1.870258] e1000 0000:00:03.0 enp0s3: renamed from eth0
[    1.872039] mptbase: ioc0: Initiating bringup
[    1.884577] e1000 0000:00:08.0 enp0s8: renamed from eth1
[    1.939995] ioc0: LSI53C1030 A0: Capabilities={Initiator}
[    2.103899] scsi host2: ioc0: LSI53C1030 A0, FwRev=00000000h, Ports=1, MaxQ=256, IRQ=20
[    2.216441] scsi 2:0:0:0: Direct-Access     VBOX     HARDDISK         1.0  PQ: 0 ANSI: 5
[    2.218510] scsi target2:0:0: Beginning Domain Validation
[    2.223754] scsi target2:0:0: Domain Validation skipping write tests
[    2.225147] scsi target2:0:0: Ending Domain Validation
[    2.226749] scsi target2:0:0: asynchronous
[    2.229146] scsi 2:0:1:0: Direct-Access     VBOX     HARDDISK         1.0  PQ: 0 ANSI: 5
[    2.244058] scsi target2:0:1: Beginning Domain Validation
[    2.260774] scsi target2:0:1: Domain Validation skipping write tests
[    2.262184] scsi target2:0:1: Ending Domain Validation
[    2.263564] scsi target2:0:1: asynchronous
[    2.271948] sd 2:0:0:0: [sda] 20971520 512-byte logical blocks: (10.7 GB/10.0 GiB)
[    2.272010] sd 2:0:0:0: Attached scsi generic sg0 type 0
[    2.272382] sd 2:0:1:0: Attached scsi generic sg1 type 0
[    2.275015] sd 2:0:1:0: [sdb] 20480 512-byte logical blocks: (10.5 MB/10.0 MiB)
[    2.278647] sd 2:0:1:0: [sdb] Write Protect is off
[    2.278897] sd 2:0:0:0: [sda] Write Protect is off
[    2.279091] sd 2:0:0:0: [sda] Incomplete mode parameter data
[    2.279093] sd 2:0:0:0: [sda] Assuming drive cache: write through
[    2.284555] sd 2:0:1:0: [sdb] Incomplete mode parameter data
[    2.285870] sd 2:0:1:0: [sdb] Assuming drive cache: write through
[    2.287129]  sda: sda1
[    2.289348] sd 2:0:0:0: [sda] Attached SCSI disk
[    2.292508] sd 2:0:1:0: [sdb] Attached SCSI Begin:Begin: Loading essential drivers ... [    3.726809] md: linear personality registered for level -1
[    3.730741] md: multipath personality registered for level -4
[    3.734569] md: raid0 personality registered for level 0
[    3.739471] md: raid1 personality registered for lev[    5[    3.811676] raid6: sse2x1   gen() 11423 [    5[    3.880011] raid6: sse2x1   xor()  8344 [    5[    3.948335] raid6: sse2x2   gen() 14438 [    5[    4.015736] raid6: sse2x2   xor()  9749 [    5[    4.083988] raid6: sse2x4   gen() 16257 [    6[    4.152305] raid6: sse2x4   xor() 11027 [    6[    4.219640] raid6: avx2x1   gen() 21560 [    6[    4.287982] raid6: avx2x2   gen() 25455 [    6[    4.356286] raid6: avx2x4   gen() 24073 MB/s
[    4.357535] raid6: using algorithm avx2x2 gen() 25455 MB/s
[    4.358975] raid6: using avx2x2 recovery algorithm
[    4.361773] xor: automatically using best checksumming function:
[    4.399813]    avx       : 25614.000 MB/sec
[    4.402030] async_tx: api initialized (async)
[    4.411105] md: raid6 personality registered for level 6
[    4.412474] md: raid5 personality registered for level 5
[    4.413791] md: raid4 personality registered for level 4
[    4.422426] md: raid10 personality registered for level 10
done.
Begin: Running /scripts/init-premount ... done.
Begin: Mounting root file system ... Begin: Running /scripts/local-top ... done.
Begin: Running /scripts/local-premount ... [    4.452597] Btrfs loaded
Scanning for Btrfs filesystems
done.
Warning: fsck not present, so skipping root file system
[    4.482739] EXT4-fs (sda1): mounted filesystem with ordered data mode. Opts: (null)
done.
Begin: Running /scripts/local-bottom ... done.
Begin: Running /scripts/init-bottom ... d[    6[    4.568613] systemd[1]: systemd 229 running in system mode. (+PAM +AUDIT +SELINUX +IMA +APPARMOR +SMACK +SYSVINIT +UTMP +LIBCRYPTSETUP +GCRYPT +GNUTLS +ACL +XZ -LZ4 +SECCOMP +BLKID +ELFUTILS +KMOD -IDN)
[    4.572605] systemd[1]: Detected virtualization oracle.
[    4.574241] systemd[1]: Detected architecture x86-64.

Welcome to [1mUbuntu 16.04.6 LTS[0m!

[    4.577594] systemd[1]: Set hostname to <Ubuntu-W[    6[    4.681145] systemd[1]: Listening on LVM2 poll daemon socket.
[[0;32m  OK  [0m] Listening on LVM2 poll daemon socket.
[    4.683367] systemd[1]: Reached target Encrypted Volumes.
[[0;32m  OK  [0m] Reached target Encrypted Volumes.
[    4.692936] systemd[1]: Reached target Swap.
[[0;32m  OK  [0m] Reached target Swap.
[    4.694732] systemd[1]: Started Forward Password Requests to Wall Directory Watch.
[[0;32m  OK  [0m] Started Forward Password Requests to Wall Directory Watch.
[    4.714359] systemd[1]: Set up automount Arbitrary Executable File Formats File System Automount Point.
[[0;32m  OK  [0m] Set up automount Arbitrary Executab...ats File System Automount Point.
[    4.718358] systemd[1]: Reached target User and Group Name Lookups.
[[0;32m  OK  [0m] Reached target User and Group Name Lookups.
[    4.720574] systemd[1]: Listening on Journal Audit Socket.
[[0;32m  OK  [0m] Listening on Journal Audit Socket.
[    4.790284] systemd[1]: Listening on LVM2 metadata daemon socket.
[[0;32m  OK  [0m] Listening on LVM2 metadata daemon socket.
[    4.792449] systemd[1]: Reached target System Time Synchronized.
[[0;32m  OK  [0m] Reached target System Time Synchronized.
[    4.794605] systemd[1]: Listening on Journal Socket (/dev/log).
[[0;32m  OK  [0m] Listening on Journal Socket (/dev/log).
[    4.805677] systemd[1]: Listening on udev Kernel Socket.
[[0;32m  OK  [0m] Listening on udev Kernel Socket.
[    4.808690] systemd[1]: Listening on udev Control Socket.
[[0;32m  OK  [0m] Listening on udev Control Socket.
[    4.811546] systemd[1]: Listening on Syslog Socket.
[[0;32m  OK  [0m] Listening on Syslog Socket.
[    4.814113] systemd[1]: Started Trigger resolvconf update for networkd DNS.
[[0;32m  OK  [0m] Started Trigger resolvconf update for networkd DNS.
[    4.829394] systemd[1]: Listening on Journal Socket.
[[0;32m  OK  [0m] Listening on Journal Socket.
[    4.831666] systemd[1]: Created slice System Slice.
[[0;32m  OK  [0m] Created slice System Slice.
[    4.844043] systemd[1]: Mounting Huge Pages File System...
         Mounting Huge Pages File System...
[    4.852077] systemd[1]: Created slice system-serial\x2dgetty.slice.
[[0;32m  OK  [0m] Created slice system-serial\x2dgetty.slice.
[    4.855558] systemd[1]: Starting Set console keymap...
         Starting Set console keymap...
[    4.864253] systemd[1]: Starting Nameserver information manager...
         Starting Nameserver information manager...
[    4.869254] systemd[1]: Starting Remount Root and Kernel File Systems...
         Starting Remount Root and Kernel File Systems...
[    4.876489] EXT4-fs (sda1): re-mounted. Opts: (null)
[    4.880231] systemd[1]: Starting Uncomplicated firewall...
         Starting Uncomplicated firewall...
[    4.884943] systemd[1]: Starting Create list of required static device nodes for the current kernel...
         Starting Create list of required st... nodes for the current kernel...
[    4.897618] systemd[1]: Starting Load Kernel Modules...
         Starting Load Kernel Modules...
[    4.900790] systemd[1]: Created slice User and Session Slice.
[[0;32m  OK  [0m] Created slice User and Session Slice.
[    4.903128] systemd[1]: Reached target Slices.
[[0;32m  OK  [0m] Reached target Slices.
[    4.905424] systemd[1]: Listening on /dev/initctl Compatibility Named Pipe.
[[0;32m  OK  [0m] Listening on /dev/initctl Compatibility Named Pipe.
[    4.908267] systemd[1]: Listening on Device-mapper event daemon FIFOs.
[[0;32m  OK  [0m] Listening on Device-mapper event daemon FIFOs.
[    4.910887] Loading iSCSI transport class v2.0-870.
[    4.911436] systemd[1]: Starting Monitoring of LVM2 mirrors, snapshots etc. using dmeventd or progress polling...
         Starting Monitoring of LVM2 mirrors... dmeventd or progress polling...
[    4.917750] systemd[1]: Mounting POSIX Message Queue File System...
         Mounting POSIX Message Queue File System...
[    4.920625] systemd[1]: Starting Journal Service...
         Starting Journal Service...
[    4.928127] systemd[1]: Mounting Debug File System...
         Mounting Debug File System...
[    4.931750] systemd[1]: Mounted POSIX Message Queue File System.
[[0;32m  OK  [0m] Mounted POSIX Message Queue File System.
[    4.934610] systemd[1]: Mounted Huge Pages File System.
[[0;32m  OK  [0m] Mounted Huge Pages File System.
[    4.937141] systemd[1]: Mounted Debug File System.
[[0;32m  OK  [0m] Mounted Debug File System.
[    4.941039] systemd[1]: Started Remount Root and Kernel File Systems.
[[0;32m  OK  [0m] Started Remount Root and Kernel File Systems.
[    4.950425] iscsi: registered transport (tcp)
[    4.958236] systemd[1]: Started Uncomplicated firewall.
[[0;32m  OK  [0m] Started Uncomplicated firewall.
[    4.962325] systemd[1]: Started Create list of required static device nodes for the current kernel.
[[0;32m  OK  [0m] Started Create list of required sta...ce nodes for the current kernel.
[    4.969010] systemd[1]: Started Set console keymap.
[[0;32m  OK  [0m] Started Set console keymap.
[    4.982518] iscsi: registered transport (iser)
[    4.992011] systemd[1]: Started Nameserver information manager.
[[0;32m  OK  [0m] Started Nameserver information manager.
[    4.994860] systemd[1]: Started Load Kernel Modules.
[[0;32m  OK  [0m] Started Load Kernel Modules.
[    5.004943] systemd[1]: Started Journal Service.
[[0;32m  OK  [0m] Started Journal Service.
[[0;32m  OK  [0m] Started LVM2 metadata daemon.
         Starting Apply Kernel Variables...
         Mounting FUSE Control File System...
         Starting Create Static Device Nodes in /dev...
         Starting Flush Journal to Persistent Storage...
         Starting Load/Save Random Seed...
         Starting udev Coldplug all Devices...
[[0;32m  OK  [0m] Mounted FUSE Control File System.
[[0;32m  OK  [0m] Started Apply Kernel Variables.
[[0;32m  OK  [0m] Started Load/Save Random Seed.
[[0;32m  OK  [0m] Started Create Static Device Nodes in /dev.
[[0;32m  OK  [0m] Started udev Coldplug all Devices.
[[0;32m  OK  [0m] Started Flush Journal to Persistent Storage.
         Starting udev Kernel Device Manager...
[[0;32m  OK  [0m] Started udev Kernel Device Manager.
[[0;32m  OK  [0m] Started Dispatch Password Requests to Console Directory Watch.
[[0;32m  OK  [0m] Found device /dev/ttyS0.
[[0;32m  OK  [0m] Listening on Load/Save RF Kill Switch Status /dev/rfkill Watch.
[[0;32m  OK  [0m] Found device 82540EM Gigabit Ethern...r (PRO/1000 MT Desktop Adapter).
[[0;32m  OK  [0m] Started Monitoring of LVM2 mirrors,...ng dmeventd or progress poll[[0;32m  OK  [0m] Started Monitoring of LVM2 mirrors,...ng dmevent[[0;32m  OK  [0m] Reached target Local File Systems.
         Starting Initial cloud-init job (pre-networking)...
         Starting Create Volatile Files and Directories...
         Starting Set console font and keymap...
         Starting LSB: AppArmor initialization...
         Starting Tell Plymouth To Write Out Runtime Data...
[[0;32m  OK  [0m] Started Create Volatile Files and Directories.
[[0;32m  OK  [0m] Started Tell Plymouth To Write Out Runtime Data.
[[0;32m  OK  [0m] Found device 82540EM Gigabit Ethern...r (PRO/1000 MT Desktop Adapter).
         Starting Update UTMP about System Boot/Shutdown...
[[0;32m  OK  [0m] Started LSB: AppArmor initialization.
[[0;32m  OK  [0m] Started Update UTMP about System Boot/Shutdown.
[[0;32m  OK  [0m] Started Set console font and keymap.
[[0;32m  OK  [0m] Created slice system-getty.sl[    8.827770] cloud-init[690]: Cloud-init v. 19.2-36-g059d049c-0ubuntu2~16.04.1 running 'init-local' at Wed, 13 Nov 2019 10:26:25 +0000. Up 8.55 seconds.
[[0;32m  OK  [0m] Started Initial cloud-init job (pre-networking).
[[0;32m  OK  [0m] Reached target Network (Pre).
[[0;32m  OK  [0m] Started ifup for enp0s8.
         Starting Raise network interfaces...
[[0;32m  OK  [0m] Started ifup for enp0s3.
[[0;32m  OK  [0m] Started Raise network interfaces.
[[0;32m  OK  [0m] Reached target Network.
         Starting Initial cloud-init job (metadata service crawler)...
[    9.751389] cloud-init[1082]: Cloud-init v. 19.2-36-g059d049c-0ubuntu2~16.04.1 running 'init' at Wed, 13 Nov 2019 10:26:26 +0000. Up 9.43 seconds.
[    9.752934] cloud-init[1082]: ci-info: ++++++++++++++++++++++++++++++++++++++Net device info+++++++++++++++++++++++++++++++++++++++
[    9.755378] cloud-init[1082]: ci-info: +--------+------+-----------------------------+---------------+--------+-------------------+
[    9.758063] cloud-init[1082]: ci-info: | Device |  Up  |           Address           |      Mask     | Scope  |     Hw-Address    |
[    9.765165] cloud-init[1082]: ci-info: +--------+------+-----------------------------+---------------+--------+-------------------+
[    9.767055] cloud-init[1082]: ci-info: | enp0s3 | True |          10.0.2.15          | 255.255.255.0 | global | 02:95:cf:22:ea:76 |
[    9.772924] cloud-init[1082]: ci-info: | enp0s3 | True |  fe80::95:cfff:fe22:ea76/64 |       .       |  link  | 02:95:cf:22:ea:76 |
[    9.775375] cloud-init[1082]: ci-info: | enp0s8 | True |         192.168.1.20        | 255.255.255.0 | global | 08:00:27:a9:b3:35 |
[    9.778373] cloud-init[1082]: ci-info: | enp0s8 | True | fe80::a00:27ff:fea9:b335/64 |       .       |  link  | 08:00:27:a9:b3:35 |
[    9.781042] cloud-init[1082]: ci-info: |   lo   | True |          127.0.0.1          |   255.0.0.0   |  host  |         .         |
[    9.783368] cloud-init[1082]: ci-info: |   lo   | True |           ::1/128           |       .       |  host  |         .         |
[    9.785421] cloud-init[1082]: ci-info: +--------+------+-----------------------------+---------------+--------+-------------------+
[    9.792539] cloud-init[1082]: ci-info: +++++++++++++++++++++++++++Route IPv4 info++++++++++++++++++++++++++++
[    9.794319] cloud-init[1082]: ci-info: +-------+-------------+----------+---------------+-----------+-------+
[    9.796679] cloud-init[1082]: ci-info: | Route | Destination | Gateway  |    Genmask    | Interface | Flags |
[    9.798652] cloud-init[1082]: ci-info: +-------+-------------+----------+---------------+-----------+-------+
[    9.804656] cloud-init[1082]: ci-info: |   0   |   0.0.0.0   | 10.0.2.2 |    0.0.0.0    |   enp0s3  |   UG  |
[    9.812473] cloud-init[1082]: ci-info: |   1   |   10.0.2.0  | 0.0.0.0  | 255.255.255.0 |   enp0s3  |   U   |
[    9.824477] cloud-init[1082]: ci-info: |   2   | 192.168.1.0 | 0.0.0.0  | 255.255.255.0 |   enp0s8  |   U   |
[    9.824677] cloud-init[1082]: ci-info: +-------+-------------+----------+---------------+-----------+-------+
[    9.825145] cloud-init[1082]: ci-info: +++++++++++++++++++Route IPv6 info+++++++++++++++++++
[    9.825593] cloud-init[1082]: ci-info: +-------+-------------+---------+-----------+-------+
[    9.825912] cloud-init[1082]: ci-info: | Route | Destination | Gateway | Interface | Flags |
[    9.826220] cloud-init[1082]: ci-info: +-------+-------------+---------+-----------+-------+
[    9.826815] cloud-init[1082]: ci-info: |   0   |  fe80::/64  |    ::   |   enp0s8  |   U   |
[    9.827493] cloud-init[1082]: ci-info: |   1   |  fe80::/64  |    ::   |   enp0s3  |   U   |
[    9.827984] cloud-init[1082]: ci-info: |   4   |   ff00::/8  |    ::   |   enp0s8  |   U   |
[    9.828556] cloud-init[1082]: ci-info: |   5   |   ff00::/8  |    ::   |   enp0s3  |   U   |
[    9.829185] cloud-init[1082]: ci-info: +-------+-------------+---------+-----------+-------+
[[0;32m  OK  [0m] Started Initial cloud-init job (metadata service crawler).
[[0;32m  OK  [0m] Reached target Network is Online.
         Starting iSCSI initiator daemon (iscsid)...
[[0;32m  OK  [0m] Reached target System Initialization.
[[0;32m  OK  [0m] Listening on UUID daemon activation socket.
         Starting Socket activation for snappy daemon.
[[0;32m  OK  [0m] Listening on D-Bus System Message Bus Socket.
[[0;32m  OK  [0m] Listening on ACPID Listen Socket.
[[0;32m  OK  [0m] Started Daily apt download activities.
[[0;32m  OK  [0m] Started ACPI Events Check.
[[0;32m  OK  [0m] Reached target Paths.
[[0;32m  OK  [0m] Started Daily apt upgrade and clean activities.
[[0;32m  OK  [0m] Started Message of the Day.
         Starting LXD - unix socket.
[[0;32m  OK  [0m] Started Daily Cleanup of Temporary Directories.
[[0;32m  OK  [0m] Reached target Timers.
[[0;32m  OK  [0m] Reached target Cloud-config availability.
[[0;32m  OK  [0m] Listening on Socket activation for snappy daemon.
[[0;32m  OK  [0m] Listening on LXD - unix socket.
[[0;32m  OK  [0m] Started iSCSI initiator daemon (iscsid).
         Starting Login to default iSCSI targets...
[[0;32m  OK  [0m] Reached target Sockets.
[[0;32m  OK  [0m] Reached target Basic System.
[[0;32m  OK  [0m] Started Regular background program processing daemon.
         Starting vsftpd FTP server...
[[0;32m  OK  [0m] Started Deferred execution scheduler.
[[0;32m  OK  [0m] Started FUSE filesystem for LXC.
         Starting LSB: MD monitoring daemon...
         Starting LSB: Record successful boot for GRUB...
[[0;32m  OK  [0m] Started ACPI event daemon.
         Starting System Logging Service...
         Starting /etc/rc.local Compatibility...
[[0;32m  OK  [0m] Started D-Bus System Message Bus.
         Starting Accounts Service...
         Starting Login Service...
         Starting OpenBSD Secure Shell server...
         Starting Virtualbox guest utils...
         Starting LXD - container startup/shutdown...
         Starting Snappy daemon...
[[0;32m  OK  [0m] Started System Logging Service.
[[0;32m  OK  [0m] Started vsftpd FTP server.
[[0;32m  OK  [0m] Started /etc/rc.local Compatibility.
[[0;32m  OK  [0m] Started Login to default iSCSI targets.
[[0;32m  OK  [0m] Started OpenBSD Secure Shell server.
[[0;32m  OK  [0m] Started LSB: MD monitoring daemon.
[[0;32m  OK  [0m] Started LSB: Record successful boot for GRUB.
[[0;32m  OK  [0m] Started Login Service.
[[0;32m  OK  [0m] Started Unattended Upgrades Shutdown.
         Starting Authenticate and Authorize Users to Run Privileged Tasks...
[[0;32m  OK  [0m] Reached target Remote File Systems (Pre).
[[0;32m  OK  [0m] Reached target Remote File Systems.
         Starting LSB: automatic crash report generation...
         Starting LSB: daemon to balance interrupts for SMP systems...
         Starting Permit User Sessions...
         Starting LSB: Set the CPU Frequency Scaling governor to "ondemand"...
[[0;32m  OK  [0m] Started LXD - container startup/shutdown.
[[0;32m  OK  [0m] Started Permit User Sessions.
         Starting Terminate Plymouth Boot Screen...
         Starting Hold until boot process finishes up...
[[0;32m  OK  [0m] Started LSB: Set the CPU Frequency Scaling governor to "ondemand".
[[0;32m  OK  [0m] Started Hold until boot process finishes up.
[[0;32m  OK  [0m] Started Authenticate and Authorize Users to Run Privileged Tasks.
[[0;32m  OK  [0m] Started Terminate Plymouth Boot Screen.
[[0;32m  OK  [0m] Started LSB: daemon to balance interrupts for SMP systems.
[[0;32m  OK  [0m] Started Accounts Service.
[[0;32m  OK  [0m] Started Getty on tty1.
         Starting Set console scheme...
[[0;32m  OK  [0m] Started Serial Getty on ttyS0.
[[0;32m  OK  [0m] Reached target Login Prompts.
[[0;32m  OK  [0m] Started LSB: automatic crash report generation.
[[0;32m  OK  [0m] Started Set console scheme.
[[0;32m  OK  [0m] Started Virtualbox guest utils.
[[0;32m  OK  [0m] Started Snappy daemon.
         Starting Wait until snapd is fully seeded...
[[0;32m  OK  [0m] Started Wait until snapd is fully seeded.
         Starting Apply the settings specified in cloud-config...
[[0;32m  OK  [0m] Reached target Multi-User System.
[[0;32m  OK  [0m] Reached target Graphical Interface.
         Starting Update UTMP about System Runlevel Changes...
[[0;32m  OK  [0m] Started Update UTMP about System Runlevel Changes.
[   10.979803] cloud-init[1359]: Cloud-init v. 19.2-36-g059d049c-0ubuntu2~16.04.1 running 'modules:config' at Wed, 13 Nov 2019 10:26:27 +0000. Up 10.85 seconds.
[[0;32m  OK  [0m] Started Apply the settings specified in cloud-config.
         Starting Execute cloud user/final scripts...
[   11.538441] cloud-init[1372]: Cloud-init v. 19.2-36-g059d049c-0ubuntu2~16.04.1 running 'modules:final' at Wed, 13 Nov 2019 10:26:28 +0000. Up 11.41 seconds.
[   11.545009] cloud-init[1372]: Cloud-init v. 19.2-36-g059d049c-0ubuntu2~16.04.1 finished at Wed, 13 Nov 2019 10:26:28 +0000. Datasource DataSourceNoCloud [seed=/dev/sdb][dsmode=net].  Up 11.53 seconds
[[0;32m  OK  [0m] Started Execute cloud user/final scripts.
[[0;32m  OK  [0m] Reached target Cloud-init target.

Ubuntu 16.04.6 LTS Ubuntu-ftp ttyS0

Ubuntu-ftp login: [[0;32m  OK  [[0;32m  OK  [0m] Stopped Unattended Upgrades Shutdown.
[[0;32m  OK  [0m] Stopped target Graphical Interface.
         Stopping Accounts Service...
[[0;32m  OK  [0m] Closed Load/Save RF Kill Switch Status /dev/rfkill Watch.
[[0;32m  OK  [0m] Stopped target Timers.
[[0;32m  OK  [0m] Stopped Message of the Day.
         Stopping ACPI event daemon...
[[0;32m  OK  [0m] Stopped target Cloud-init target.
[[0;32m  OK  [0m] Stopped Execute cloud user/final scripts.
[[0;32m  OK  [0m] Stopped Apply the settings specified in cloud-config.
[[0;32m  OK  [0m] Stopped target Multi-User System.
         Stopping LSB: MD monitoring daemon...
         Stopping LXD - container startup/shutdown...
         Stopping LSB: Set the CPU Frequency Scaling governor to "ondemand"...
         Stopping Virtualbox guest utils...
         Stopping Deferred execution scheduler...
         Stopping Regular background program processing daemon...
         Stopping LSB: Apache2 web server...
         Stopping LSB: daemon to balance interrupts for SMP systems...
[[0;32m  OK  [0m] Stopped Wait until snapd is fully seeded.
         Stopping FUSE filesystem for LXC...
         Stopping OpenBSD Secure Shell server...
[[0;32m  OK  [0m] Stopped target Login Prompts.
         Stopping Getty on tty1...
         Stopping Serial Getty on ttyS0...
         Stopping System Logging Service...
         Stopping Login Service...
         Stopping LSB: automatic crash report generation...
         Stopping D-Bus System Message Bus...
[[0;32m  OK  [0m] Stopped Daily Cleanup of Temporary Directories.
[[0;32m  OK  [0m] Stopped Daily apt upgrade and clean acti         Stopping Authenticate and Authorize Users to Run Privileged Tasks...
[[0;32m  OK  [0m] Unmounted /var/lib/lxcfs.
[[0;32m  OK  [0m] Stopped Deferred execution scheduler.
[[0;32m  OK  [0m] Stopped System Logging Service.
[[0;32m  OK  [0m] Stopped Regular background program processing daemon.
[[0;32m  OK  [0m] Stopped Accounts Service.
[[0;32m  OK  [0m] Stopped OpenBSD Secure Shell server.
[[0;32m  OK  [0m] Stopped Authenticate and Authorize Users to Run Privileged Tasks.
[[0;32m  OK  [0m] Stopped Serial Getty on ttyS0.
[[0;32m  OK  [0m] Stopped Getty on tty1.
[[0;32m  OK  [0m] Stopped Login Service.
[[0;32m  OK  [0m] Stopped D-Bus System Message Bus.
[[0;32m  OK  [0m] Stopped FUSE filesystem for LXC.
[[0;32m  OK  [0m] Stopped LXD - container startup/shutdown.
[[0;32m  OK  [0m] Stopped ACPI event daemon.
[[0;32m  OK  [0m] Stopped LSB: Record successful boot for GRUB.
[[0;32m  OK  [0m] Stopped Virtualbox guest utils.
[[0;32m  OK  [0m] Stopped LSB: Set the CPU Frequency Scaling governor to "ondemand".
[[0;32m  OK  [0m] Stopped LSB: daemon to balance interrupts for SMP systems.
[[0;32m  OK  [0m] Stopped LSB: automatic crash report generation.
[[0;32m  OK  [0m] Stopped LSB: MD monitoring daemon.
[[0;32m  OK  [0m] Removed slice system-getty.slice.
[[0;32m  OK  [0m] Stopped /etc/rc.local Compatibility.
         Stopping Permit User Sessions...
[[0;32m  OK  [0m] Removed slice system-serial\x2dgetty.slice.
[[0;32m  OK  [0m] Reached target Unmount All Filesystems.
[[0;32m  OK  [0m] Stopped Permit User Sessions.
[[0;32m  OK  [0m] Stopped target User and Group Name Lookups.
[[0;32m  OK  [0m] Stopped LSB: Apache2 web server.
[[0;32m  OK  [0m] Stopped target Basic System.
[[0;32m  OK  [0m] Stopped target Sockets.
[[0;32m  OK  [0m] Closed Syslog Socket.
[[0;32m  OK  [0m] Closed LXD - unix socket.
[[0;32m  OK  [0m] Closed Socket activation for snappy daemon.
[[0;32m  OK  [0m] Closed UUID daemon activation socket.
[[0;32m  OK  [0m] Closed ACPID Listen Socket.
[[0;32m  OK  [0m] Closed D-Bus System Message Bus Socket.
[[0;32m  OK  [0m] Stopped target Paths.
[[0;32m  OK  [0m] Stopped Forward Password Requests to Wall Directory Watch.
[[0;32m  OK  [0m] Stopped Dispatch Password Requests to Console Directory Watch.
[[0;32m  OK  [0m] Stopped ACPI Events Check.
[[0;32m  OK  [0m] Stopped target Slices.
[[0;32m  OK  [0m] Removed slice User and Session Slice.
[[0;32m  OK  [0m] Stopped target Remote File Systems.
[[0;32m  OK  [0m] Stopped target Remote File Systems (Pre).
         Stopping Login to default iSCSI targets...
[[0;32m  OK  [0m] Stopped target System Initialization.
         Stopping Load/Save Random Seed...
[[0;32m  OK  [0m] Stopped target Encrypted Volumes.
         Stopping Update UTMP about System Boot/Shutdown...
[[0;32m  OK  [0m] Stopped target Swap.
[[0;32m  OK  [0m] Stopped Load/Save Random Seed.
[[0;32m  OK  [0m] Stopped Login to default iSCSI targets.
[[0;32m  OK  [0m] Stopped Update UTMP about System Boot/Shutdown.
[[0;32m  OK  [0m] Stopped Create Volatile Files and Directories.
         Stopping iSCSI initiator daemon (iscsid)...
[[0;32m  OK  [0m] Stopped iSCSI initiator daemon (iscsid).
[[0;32m  OK  [0m] Stopped target Network is Online.
[[0;32m  OK  [0m] Stopped Initial cloud-init job (metadata service crawler).
[[0;32m  OK  [0m] Stopped target Network.
         Stopping Raise network interfaces...
[[0;32m  OK  [0m] Stopped Raise network interfaces.
[[0;32m  OK  [0m] Stopped target Network (Pre).
[[0;32m  OK  [0m] Stopped Initial cloud-init job (pre-networking).
[[0;32m  OK  [0m] Stopped Apply Kernel Variables.
[[0;32m  OK  [0m] Stopped Load Kernel Modules.
[[0;32m  OK  [0m] Stopped target Local File Systems.
[[0;32m  OK  [0m] Stopped target Local File Systems (Pre).
[[0;32m  OK  [0m] Stopped Remount Root and Kernel File Systems.
[[0;32m  OK  [0m] Stopped Create Static Device Nodes in /dev.
[[0;32m  OK  [0m] Reached target Shutdown.
[ 1758.961205] reboot: Power down
topped target Network (Pre).
[[0;32m  OK  [0m] Stopped Initial cloud-init job (pre-networking).
[[0;32m  OK  [0m] Stopped Remount Root and Kernel File Systems.
[[0;32m  OK  [0m] Reached target Shutdown.
[ 1754.091842] reboot: Power down
